SF:/Users/qiaopengjun/Code/Web3Wallet/ethertrace/rust/src/client.rs
FN:23,_RNCNCNvMNtCsfOgxbJc4FKi_4rust6clientNtB6_9EthClient3new00Csf2SC7K5fLPN_11integration
FN:17,_RNCNvMNtCsfOgxbJc4FKi_4rust6clientNtB4_9EthClient3new0Csf2SC7K5fLPN_11integration
FN:57,_RNCNvMNtCsfOgxbJc4FKi_4rust6clientNtB4_9EthClient8get_logs0Csf2SC7K5fLPN_11integration
FN:39,_RNvMNtCsfOgxbJc4FKi_4rust6clientNtB2_9EthClient22get_tx_receipt_by_hash
FN:17,_RNvMNtCsfOgxbJc4FKi_4rust6clientNtB2_9EthClient3new
FN:52,_RNvMNtCsfOgxbJc4FKi_4rust6clientNtB2_9EthClient8get_logs
FN:48,_RNCNCNvMNtCsfOgxbJc4FKi_4rust6clientNtB6_9EthClient22get_tx_receipt_by_hash00B8_
FN:23,_RNCNCNvMNtCsfOgxbJc4FKi_4rust6clientNtB6_9EthClient3new00B8_
FN:42,_RNCNvMNtCsfOgxbJc4FKi_4rust6clientNtB4_9EthClient22get_tx_receipt_by_hash0B6_
FN:17,_RNCNvMNtCsfOgxbJc4FKi_4rust6clientNtB4_9EthClient3new0B6_
FN:57,_RNCNvMNtCsfOgxbJc4FKi_4rust6clientNtB4_9EthClient8get_logs0B6_
FN:48,_RNCNCNvMNtCsiLX5aHy7Fns_4rust6clientNtB6_9EthClient22get_tx_receipt_by_hash00B8_
FN:23,_RNCNCNvMNtCsiLX5aHy7Fns_4rust6clientNtB6_9EthClient3new00B8_
FN:42,_RNCNvMNtCsiLX5aHy7Fns_4rust6clientNtB4_9EthClient22get_tx_receipt_by_hash0B6_
FN:17,_RNCNvMNtCsiLX5aHy7Fns_4rust6clientNtB4_9EthClient3new0B6_
FN:57,_RNCNvMNtCsiLX5aHy7Fns_4rust6clientNtB4_9EthClient8get_logs0B6_
FN:103,_RNvNtNtCsiLX5aHy7Fns_4rust6client5testss_19test_get_logs_empty
FN:114,_RNvNtNtCsiLX5aHy7Fns_4rust6client5testss_19test_get_logs_range
FN:82,_RNvNtNtCsiLX5aHy7Fns_4rust6client5testss_19test_new_eth_client
FN:294,_RNvNtNtCsiLX5aHy7Fns_4rust6client5testss_23test_get_logs_no_topics
FN:206,_RNvNtNtCsiLX5aHy7Fns_4rust6client5testss_25test_get_logs_empty_range
FN:315,_RNvNtNtCsiLX5aHy7Fns_4rust6client5testss_25test_get_logs_four_topics
FN:279,_RNvNtNtCsiLX5aHy7Fns_4rust6client5testss_26test_get_logs_single_topic
FN:133,_RNvNtNtCsiLX5aHy7Fns_4rust6client5testss_27test_get_logs_at_block_hash
FN:95,_RNvNtNtCsiLX5aHy7Fns_4rust6client5testss_27test_get_tx_receipt_by_hash
FN:236,_RNvNtNtCsiLX5aHy7Fns_4rust6client5testss_28test_get_logs_at_block_hash2
FN:150,_RNvNtNtCsiLX5aHy7Fns_4rust6client5testss_29test_new_eth_client_empty_url
FN:261,_RNvNtNtCsiLX5aHy7Fns_4rust6client5testss_29test_new_eth_client_ws_scheme
FN:267,_RNvNtNtCsiLX5aHy7Fns_4rust6client5testss_30test_new_eth_client_wss_scheme
FN:88,_RNvNtNtCsiLX5aHy7Fns_4rust6client5testss_31test_new_eth_client_invalid_url
FN:305,_RNvNtNtCsiLX5aHy7Fns_4rust6client5testss_32test_new_eth_client_domain_regex
FN:157,_RNvNtNtCsiLX5aHy7Fns_4rust6client5testss_34test_new_eth_client_invalid_scheme
FN:164,_RNvNtNtCsiLX5aHy7Fns_4rust6client5testss_34test_new_eth_client_missing_scheme
FN:144,_RNvNtNtCsiLX5aHy7Fns_4rust6client5testss_34test_new_eth_client_with_valid_url
FN:195,_RNvNtNtCsiLX5aHy7Fns_4rust6client5testss_35test_get_tx_receipt_by_hash_success
FN:217,_RNvNtNtCsiLX5aHy7Fns_4rust6client5testss_36test_get_logs_with_address_and_topic
FN:273,_RNvNtNtCsiLX5aHy7Fns_4rust6client5testss_36test_new_eth_client_invalid_provider
FN:178,_RNvNtNtCsiLX5aHy7Fns_4rust6client5testss_37test_get_tx_receipt_by_hash_not_found
FN:250,_RNvNtNtCsiLX5aHy7Fns_4rust6client5testss_38test_new_eth_client_invalid_url_format
FN:171,_RNvNtNtCsiLX5aHy7Fns_4rust6client5testss_42test_get_tx_receipt_by_hash_invalid_format
FN:103,_RNCNvNtNtCsiLX5aHy7Fns_4rust6client5testss_19test_get_logs_empty0B7_
FN:114,_RNCNvNtNtCsiLX5aHy7Fns_4rust6client5testss_19test_get_logs_range0B7_
FN:82,_RNCNvNtNtCsiLX5aHy7Fns_4rust6client5testss_19test_new_eth_client0B7_
FN:294,_RNCNvNtNtCsiLX5aHy7Fns_4rust6client5testss_23test_get_logs_no_topics0B7_
FN:206,_RNCNvNtNtCsiLX5aHy7Fns_4rust6client5testss_25test_get_logs_empty_range0B7_
FN:315,_RNCNvNtNtCsiLX5aHy7Fns_4rust6client5testss_25test_get_logs_four_topics0B7_
FN:279,_RNCNvNtNtCsiLX5aHy7Fns_4rust6client5testss_26test_get_logs_single_topic0B7_
FN:133,_RNCNvNtNtCsiLX5aHy7Fns_4rust6client5testss_27test_get_logs_at_block_hash0B7_
FN:95,_RNCNvNtNtCsiLX5aHy7Fns_4rust6client5testss_27test_get_tx_receipt_by_hash0B7_
FN:236,_RNCNvNtNtCsiLX5aHy7Fns_4rust6client5testss_28test_get_logs_at_block_hash20B7_
FN:150,_RNCNvNtNtCsiLX5aHy7Fns_4rust6client5testss_29test_new_eth_client_empty_url0B7_
FN:261,_RNCNvNtNtCsiLX5aHy7Fns_4rust6client5testss_29test_new_eth_client_ws_scheme0B7_
FN:267,_RNCNvNtNtCsiLX5aHy7Fns_4rust6client5testss_30test_new_eth_client_wss_scheme0B7_
FN:88,_RNCNvNtNtCsiLX5aHy7Fns_4rust6client5testss_31test_new_eth_client_invalid_url0B7_
FN:305,_RNCNvNtNtCsiLX5aHy7Fns_4rust6client5testss_32test_new_eth_client_domain_regex0B7_
FN:157,_RNCNvNtNtCsiLX5aHy7Fns_4rust6client5testss_34test_new_eth_client_invalid_scheme0B7_
FN:164,_RNCNvNtNtCsiLX5aHy7Fns_4rust6client5testss_34test_new_eth_client_missing_scheme0B7_
FN:144,_RNCNvNtNtCsiLX5aHy7Fns_4rust6client5testss_34test_new_eth_client_with_valid_url0B7_
FN:195,_RNCNvNtNtCsiLX5aHy7Fns_4rust6client5testss_35test_get_tx_receipt_by_hash_success0B7_
FN:217,_RNCNvNtNtCsiLX5aHy7Fns_4rust6client5testss_36test_get_logs_with_address_and_topic0B7_
FN:273,_RNCNvNtNtCsiLX5aHy7Fns_4rust6client5testss_36test_new_eth_client_invalid_provider0B7_
FN:178,_RNCNvNtNtCsiLX5aHy7Fns_4rust6client5testss_37test_get_tx_receipt_by_hash_not_found0B7_
FN:250,_RNCNvNtNtCsiLX5aHy7Fns_4rust6client5testss_38test_new_eth_client_invalid_url_format0B7_
FN:171,_RNCNvNtNtCsiLX5aHy7Fns_4rust6client5testss_42test_get_tx_receipt_by_hash_invalid_format0B7_
FN:39,_RNvMNtCsiLX5aHy7Fns_4rust6clientNtB2_9EthClient22get_tx_receipt_by_hash
FN:17,_RNvMNtCsiLX5aHy7Fns_4rust6clientNtB2_9EthClient3new
FN:52,_RNvMNtCsiLX5aHy7Fns_4rust6clientNtB2_9EthClient8get_logs
FN:39,_RNvMNtCsfOYyGPk6nTR_4rust6clientNtB2_9EthClient22get_tx_receipt_by_hash
FN:17,_RNvMNtCsfOYyGPk6nTR_4rust6clientNtB2_9EthClient3new
FN:52,_RNvMNtCsfOYyGPk6nTR_4rust6clientNtB2_9EthClient8get_logs
FN:48,_RNCNCNvMNtCsfOYyGPk6nTR_4rust6clientNtB6_9EthClient22get_tx_receipt_by_hash00B8_
FN:23,_RNCNCNvMNtCsfOYyGPk6nTR_4rust6clientNtB6_9EthClient3new00B8_
FN:42,_RNCNvMNtCsfOYyGPk6nTR_4rust6clientNtB4_9EthClient22get_tx_receipt_by_hash0B6_
FN:17,_RNCNvMNtCsfOYyGPk6nTR_4rust6clientNtB4_9EthClient3new0B6_
FN:57,_RNCNvMNtCsfOYyGPk6nTR_4rust6clientNtB4_9EthClient8get_logs0B6_
FN:39,_RNvMNtCs8nk6IfX6pWo_4rust6clientNtB2_9EthClient22get_tx_receipt_by_hash
FN:17,_RNvMNtCs8nk6IfX6pWo_4rust6clientNtB2_9EthClient3new
FN:52,_RNvMNtCs8nk6IfX6pWo_4rust6clientNtB2_9EthClient8get_logs
FN:103,_RNCNvNtNtCs8nk6IfX6pWo_4rust6client5testss_19test_get_logs_empty0B7_
FN:114,_RNCNvNtNtCs8nk6IfX6pWo_4rust6client5testss_19test_get_logs_range0B7_
FN:82,_RNCNvNtNtCs8nk6IfX6pWo_4rust6client5testss_19test_new_eth_client0B7_
FN:294,_RNCNvNtNtCs8nk6IfX6pWo_4rust6client5testss_23test_get_logs_no_topics0B7_
FN:206,_RNCNvNtNtCs8nk6IfX6pWo_4rust6client5testss_25test_get_logs_empty_range0B7_
FN:315,_RNCNvNtNtCs8nk6IfX6pWo_4rust6client5testss_25test_get_logs_four_topics0B7_
FN:279,_RNCNvNtNtCs8nk6IfX6pWo_4rust6client5testss_26test_get_logs_single_topic0B7_
FN:133,_RNCNvNtNtCs8nk6IfX6pWo_4rust6client5testss_27test_get_logs_at_block_hash0B7_
FN:95,_RNCNvNtNtCs8nk6IfX6pWo_4rust6client5testss_27test_get_tx_receipt_by_hash0B7_
FN:236,_RNCNvNtNtCs8nk6IfX6pWo_4rust6client5testss_28test_get_logs_at_block_hash20B7_
FN:150,_RNCNvNtNtCs8nk6IfX6pWo_4rust6client5testss_29test_new_eth_client_empty_url0B7_
FN:261,_RNCNvNtNtCs8nk6IfX6pWo_4rust6client5testss_29test_new_eth_client_ws_scheme0B7_
FN:267,_RNCNvNtNtCs8nk6IfX6pWo_4rust6client5testss_30test_new_eth_client_wss_scheme0B7_
FN:88,_RNCNvNtNtCs8nk6IfX6pWo_4rust6client5testss_31test_new_eth_client_invalid_url0B7_
FN:305,_RNCNvNtNtCs8nk6IfX6pWo_4rust6client5testss_32test_new_eth_client_domain_regex0B7_
FN:157,_RNCNvNtNtCs8nk6IfX6pWo_4rust6client5testss_34test_new_eth_client_invalid_scheme0B7_
FN:164,_RNCNvNtNtCs8nk6IfX6pWo_4rust6client5testss_34test_new_eth_client_missing_scheme0B7_
FN:144,_RNCNvNtNtCs8nk6IfX6pWo_4rust6client5testss_34test_new_eth_client_with_valid_url0B7_
FN:195,_RNCNvNtNtCs8nk6IfX6pWo_4rust6client5testss_35test_get_tx_receipt_by_hash_success0B7_
FN:217,_RNCNvNtNtCs8nk6IfX6pWo_4rust6client5testss_36test_get_logs_with_address_and_topic0B7_
FN:273,_RNCNvNtNtCs8nk6IfX6pWo_4rust6client5testss_36test_new_eth_client_invalid_provider0B7_
FN:178,_RNCNvNtNtCs8nk6IfX6pWo_4rust6client5testss_37test_get_tx_receipt_by_hash_not_found0B7_
FN:250,_RNCNvNtNtCs8nk6IfX6pWo_4rust6client5testss_38test_new_eth_client_invalid_url_format0B7_
FN:171,_RNCNvNtNtCs8nk6IfX6pWo_4rust6client5testss_42test_get_tx_receipt_by_hash_invalid_format0B7_
FN:103,_RNvNtNtCs8nk6IfX6pWo_4rust6client5testss_19test_get_logs_empty
FN:114,_RNvNtNtCs8nk6IfX6pWo_4rust6client5testss_19test_get_logs_range
FN:82,_RNvNtNtCs8nk6IfX6pWo_4rust6client5testss_19test_new_eth_client
FN:294,_RNvNtNtCs8nk6IfX6pWo_4rust6client5testss_23test_get_logs_no_topics
FN:206,_RNvNtNtCs8nk6IfX6pWo_4rust6client5testss_25test_get_logs_empty_range
FN:315,_RNvNtNtCs8nk6IfX6pWo_4rust6client5testss_25test_get_logs_four_topics
FN:279,_RNvNtNtCs8nk6IfX6pWo_4rust6client5testss_26test_get_logs_single_topic
FN:133,_RNvNtNtCs8nk6IfX6pWo_4rust6client5testss_27test_get_logs_at_block_hash
FN:95,_RNvNtNtCs8nk6IfX6pWo_4rust6client5testss_27test_get_tx_receipt_by_hash
FN:236,_RNvNtNtCs8nk6IfX6pWo_4rust6client5testss_28test_get_logs_at_block_hash2
FN:150,_RNvNtNtCs8nk6IfX6pWo_4rust6client5testss_29test_new_eth_client_empty_url
FN:261,_RNvNtNtCs8nk6IfX6pWo_4rust6client5testss_29test_new_eth_client_ws_scheme
FN:267,_RNvNtNtCs8nk6IfX6pWo_4rust6client5testss_30test_new_eth_client_wss_scheme
FN:88,_RNvNtNtCs8nk6IfX6pWo_4rust6client5testss_31test_new_eth_client_invalid_url
FN:305,_RNvNtNtCs8nk6IfX6pWo_4rust6client5testss_32test_new_eth_client_domain_regex
FN:157,_RNvNtNtCs8nk6IfX6pWo_4rust6client5testss_34test_new_eth_client_invalid_scheme
FN:164,_RNvNtNtCs8nk6IfX6pWo_4rust6client5testss_34test_new_eth_client_missing_scheme
FN:144,_RNvNtNtCs8nk6IfX6pWo_4rust6client5testss_34test_new_eth_client_with_valid_url
FN:195,_RNvNtNtCs8nk6IfX6pWo_4rust6client5testss_35test_get_tx_receipt_by_hash_success
FN:217,_RNvNtNtCs8nk6IfX6pWo_4rust6client5testss_36test_get_logs_with_address_and_topic
FN:273,_RNvNtNtCs8nk6IfX6pWo_4rust6client5testss_36test_new_eth_client_invalid_provider
FN:178,_RNvNtNtCs8nk6IfX6pWo_4rust6client5testss_37test_get_tx_receipt_by_hash_not_found
FN:250,_RNvNtNtCs8nk6IfX6pWo_4rust6client5testss_38test_new_eth_client_invalid_url_format
FN:171,_RNvNtNtCs8nk6IfX6pWo_4rust6client5testss_42test_get_tx_receipt_by_hash_invalid_format
FN:48,_RNCNCNvMNtCs8nk6IfX6pWo_4rust6clientNtB6_9EthClient22get_tx_receipt_by_hash00B8_
FN:23,_RNCNCNvMNtCs8nk6IfX6pWo_4rust6clientNtB6_9EthClient3new00B8_
FN:42,_RNCNvMNtCs8nk6IfX6pWo_4rust6clientNtB4_9EthClient22get_tx_receipt_by_hash0B6_
FN:17,_RNCNvMNtCs8nk6IfX6pWo_4rust6clientNtB4_9EthClient3new0B6_
FN:57,_RNCNvMNtCs8nk6IfX6pWo_4rust6clientNtB4_9EthClient8get_logs0B6_
FNDA:0,_RNCNCNvMNtCsfOgxbJc4FKi_4rust6clientNtB6_9EthClient3new00Csf2SC7K5fLPN_11integration
FNDA:1,_RNCNvMNtCsfOgxbJc4FKi_4rust6clientNtB4_9EthClient3new0Csf2SC7K5fLPN_11integration
FNDA:1,_RNCNvMNtCsfOgxbJc4FKi_4rust6clientNtB4_9EthClient8get_logs0Csf2SC7K5fLPN_11integration
FNDA:0,_RNvMNtCsfOgxbJc4FKi_4rust6clientNtB2_9EthClient22get_tx_receipt_by_hash
FNDA:1,_RNvMNtCsfOgxbJc4FKi_4rust6clientNtB2_9EthClient3new
FNDA:1,_RNvMNtCsfOgxbJc4FKi_4rust6clientNtB2_9EthClient8get_logs
FNDA:0,_RNCNCNvMNtCsfOgxbJc4FKi_4rust6clientNtB6_9EthClient22get_tx_receipt_by_hash00B8_
FNDA:0,_RNCNCNvMNtCsfOgxbJc4FKi_4rust6clientNtB6_9EthClient3new00B8_
FNDA:0,_RNCNvMNtCsfOgxbJc4FKi_4rust6clientNtB4_9EthClient22get_tx_receipt_by_hash0B6_
FNDA:0,_RNCNvMNtCsfOgxbJc4FKi_4rust6clientNtB4_9EthClient3new0B6_
FNDA:0,_RNCNvMNtCsfOgxbJc4FKi_4rust6clientNtB4_9EthClient8get_logs0B6_
FNDA:3,_RNCNCNvMNtCsiLX5aHy7Fns_4rust6clientNtB6_9EthClient22get_tx_receipt_by_hash00B8_
FNDA:2,_RNCNCNvMNtCsiLX5aHy7Fns_4rust6clientNtB6_9EthClient3new00B8_
FNDA:9,_RNCNvMNtCsiLX5aHy7Fns_4rust6clientNtB4_9EthClient22get_tx_receipt_by_hash0B6_
FNDA:31,_RNCNvMNtCsiLX5aHy7Fns_4rust6clientNtB4_9EthClient3new0B6_
FNDA:11,_RNCNvMNtCsiLX5aHy7Fns_4rust6clientNtB4_9EthClient8get_logs0B6_
FNDA:1,_RNvNtNtCsiLX5aHy7Fns_4rust6client5testss_19test_get_logs_empty
FNDA:1,_RNvNtNtCsiLX5aHy7Fns_4rust6client5testss_19test_get_logs_range
FNDA:1,_RNvNtNtCsiLX5aHy7Fns_4rust6client5testss_19test_new_eth_client
FNDA:1,_RNvNtNtCsiLX5aHy7Fns_4rust6client5testss_23test_get_logs_no_topics
FNDA:1,_RNvNtNtCsiLX5aHy7Fns_4rust6client5testss_25test_get_logs_empty_range
FNDA:1,_RNvNtNtCsiLX5aHy7Fns_4rust6client5testss_25test_get_logs_four_topics
FNDA:1,_RNvNtNtCsiLX5aHy7Fns_4rust6client5testss_26test_get_logs_single_topic
FNDA:1,_RNvNtNtCsiLX5aHy7Fns_4rust6client5testss_27test_get_logs_at_block_hash
FNDA:1,_RNvNtNtCsiLX5aHy7Fns_4rust6client5testss_27test_get_tx_receipt_by_hash
FNDA:1,_RNvNtNtCsiLX5aHy7Fns_4rust6client5testss_28test_get_logs_at_block_hash2
FNDA:1,_RNvNtNtCsiLX5aHy7Fns_4rust6client5testss_29test_new_eth_client_empty_url
FNDA:1,_RNvNtNtCsiLX5aHy7Fns_4rust6client5testss_29test_new_eth_client_ws_scheme
FNDA:1,_RNvNtNtCsiLX5aHy7Fns_4rust6client5testss_30test_new_eth_client_wss_scheme
FNDA:1,_RNvNtNtCsiLX5aHy7Fns_4rust6client5testss_31test_new_eth_client_invalid_url
FNDA:1,_RNvNtNtCsiLX5aHy7Fns_4rust6client5testss_32test_new_eth_client_domain_regex
FNDA:1,_RNvNtNtCsiLX5aHy7Fns_4rust6client5testss_34test_new_eth_client_invalid_scheme
FNDA:1,_RNvNtNtCsiLX5aHy7Fns_4rust6client5testss_34test_new_eth_client_missing_scheme
FNDA:1,_RNvNtNtCsiLX5aHy7Fns_4rust6client5testss_34test_new_eth_client_with_valid_url
FNDA:1,_RNvNtNtCsiLX5aHy7Fns_4rust6client5testss_35test_get_tx_receipt_by_hash_success
FNDA:1,_RNvNtNtCsiLX5aHy7Fns_4rust6client5testss_36test_get_logs_with_address_and_topic
FNDA:1,_RNvNtNtCsiLX5aHy7Fns_4rust6client5testss_36test_new_eth_client_invalid_provider
FNDA:1,_RNvNtNtCsiLX5aHy7Fns_4rust6client5testss_37test_get_tx_receipt_by_hash_not_found
FNDA:1,_RNvNtNtCsiLX5aHy7Fns_4rust6client5testss_38test_new_eth_client_invalid_url_format
FNDA:1,_RNvNtNtCsiLX5aHy7Fns_4rust6client5testss_42test_get_tx_receipt_by_hash_invalid_format
FNDA:1,_RNCNvNtNtCsiLX5aHy7Fns_4rust6client5testss_19test_get_logs_empty0B7_
FNDA:1,_RNCNvNtNtCsiLX5aHy7Fns_4rust6client5testss_19test_get_logs_range0B7_
FNDA:1,_RNCNvNtNtCsiLX5aHy7Fns_4rust6client5testss_19test_new_eth_client0B7_
FNDA:1,_RNCNvNtNtCsiLX5aHy7Fns_4rust6client5testss_23test_get_logs_no_topics0B7_
FNDA:1,_RNCNvNtNtCsiLX5aHy7Fns_4rust6client5testss_25test_get_logs_empty_range0B7_
FNDA:1,_RNCNvNtNtCsiLX5aHy7Fns_4rust6client5testss_25test_get_logs_four_topics0B7_
FNDA:1,_RNCNvNtNtCsiLX5aHy7Fns_4rust6client5testss_26test_get_logs_single_topic0B7_
FNDA:1,_RNCNvNtNtCsiLX5aHy7Fns_4rust6client5testss_27test_get_logs_at_block_hash0B7_
FNDA:1,_RNCNvNtNtCsiLX5aHy7Fns_4rust6client5testss_27test_get_tx_receipt_by_hash0B7_
FNDA:1,_RNCNvNtNtCsiLX5aHy7Fns_4rust6client5testss_28test_get_logs_at_block_hash20B7_
FNDA:1,_RNCNvNtNtCsiLX5aHy7Fns_4rust6client5testss_29test_new_eth_client_empty_url0B7_
FNDA:1,_RNCNvNtNtCsiLX5aHy7Fns_4rust6client5testss_29test_new_eth_client_ws_scheme0B7_
FNDA:1,_RNCNvNtNtCsiLX5aHy7Fns_4rust6client5testss_30test_new_eth_client_wss_scheme0B7_
FNDA:1,_RNCNvNtNtCsiLX5aHy7Fns_4rust6client5testss_31test_new_eth_client_invalid_url0B7_
FNDA:1,_RNCNvNtNtCsiLX5aHy7Fns_4rust6client5testss_32test_new_eth_client_domain_regex0B7_
FNDA:1,_RNCNvNtNtCsiLX5aHy7Fns_4rust6client5testss_34test_new_eth_client_invalid_scheme0B7_
FNDA:1,_RNCNvNtNtCsiLX5aHy7Fns_4rust6client5testss_34test_new_eth_client_missing_scheme0B7_
FNDA:1,_RNCNvNtNtCsiLX5aHy7Fns_4rust6client5testss_34test_new_eth_client_with_valid_url0B7_
FNDA:1,_RNCNvNtNtCsiLX5aHy7Fns_4rust6client5testss_35test_get_tx_receipt_by_hash_success0B7_
FNDA:1,_RNCNvNtNtCsiLX5aHy7Fns_4rust6client5testss_36test_get_logs_with_address_and_topic0B7_
FNDA:1,_RNCNvNtNtCsiLX5aHy7Fns_4rust6client5testss_36test_new_eth_client_invalid_provider0B7_
FNDA:1,_RNCNvNtNtCsiLX5aHy7Fns_4rust6client5testss_37test_get_tx_receipt_by_hash_not_found0B7_
FNDA:1,_RNCNvNtNtCsiLX5aHy7Fns_4rust6client5testss_38test_new_eth_client_invalid_url_format0B7_
FNDA:1,_RNCNvNtNtCsiLX5aHy7Fns_4rust6client5testss_42test_get_tx_receipt_by_hash_invalid_format0B7_
FNDA:9,_RNvMNtCsiLX5aHy7Fns_4rust6clientNtB2_9EthClient22get_tx_receipt_by_hash
FNDA:31,_RNvMNtCsiLX5aHy7Fns_4rust6clientNtB2_9EthClient3new
FNDA:11,_RNvMNtCsiLX5aHy7Fns_4rust6clientNtB2_9EthClient8get_logs
FNDA:0,_RNvMNtCsfOYyGPk6nTR_4rust6clientNtB2_9EthClient22get_tx_receipt_by_hash
FNDA:0,_RNvMNtCsfOYyGPk6nTR_4rust6clientNtB2_9EthClient3new
FNDA:0,_RNvMNtCsfOYyGPk6nTR_4rust6clientNtB2_9EthClient8get_logs
FNDA:0,_RNCNCNvMNtCsfOYyGPk6nTR_4rust6clientNtB6_9EthClient22get_tx_receipt_by_hash00B8_
FNDA:0,_RNCNCNvMNtCsfOYyGPk6nTR_4rust6clientNtB6_9EthClient3new00B8_
FNDA:0,_RNCNvMNtCsfOYyGPk6nTR_4rust6clientNtB4_9EthClient22get_tx_receipt_by_hash0B6_
FNDA:0,_RNCNvMNtCsfOYyGPk6nTR_4rust6clientNtB4_9EthClient3new0B6_
FNDA:0,_RNCNvMNtCsfOYyGPk6nTR_4rust6clientNtB4_9EthClient8get_logs0B6_
FNDA:4,_RNvMNtCs8nk6IfX6pWo_4rust6clientNtB2_9EthClient22get_tx_receipt_by_hash
FNDA:26,_RNvMNtCs8nk6IfX6pWo_4rust6clientNtB2_9EthClient3new
FNDA:9,_RNvMNtCs8nk6IfX6pWo_4rust6clientNtB2_9EthClient8get_logs
FNDA:1,_RNCNvNtNtCs8nk6IfX6pWo_4rust6client5testss_19test_get_logs_empty0B7_
FNDA:1,_RNCNvNtNtCs8nk6IfX6pWo_4rust6client5testss_19test_get_logs_range0B7_
FNDA:1,_RNCNvNtNtCs8nk6IfX6pWo_4rust6client5testss_19test_new_eth_client0B7_
FNDA:1,_RNCNvNtNtCs8nk6IfX6pWo_4rust6client5testss_23test_get_logs_no_topics0B7_
FNDA:1,_RNCNvNtNtCs8nk6IfX6pWo_4rust6client5testss_25test_get_logs_empty_range0B7_
FNDA:1,_RNCNvNtNtCs8nk6IfX6pWo_4rust6client5testss_25test_get_logs_four_topics0B7_
FNDA:1,_RNCNvNtNtCs8nk6IfX6pWo_4rust6client5testss_26test_get_logs_single_topic0B7_
FNDA:1,_RNCNvNtNtCs8nk6IfX6pWo_4rust6client5testss_27test_get_logs_at_block_hash0B7_
FNDA:1,_RNCNvNtNtCs8nk6IfX6pWo_4rust6client5testss_27test_get_tx_receipt_by_hash0B7_
FNDA:1,_RNCNvNtNtCs8nk6IfX6pWo_4rust6client5testss_28test_get_logs_at_block_hash20B7_
FNDA:1,_RNCNvNtNtCs8nk6IfX6pWo_4rust6client5testss_29test_new_eth_client_empty_url0B7_
FNDA:1,_RNCNvNtNtCs8nk6IfX6pWo_4rust6client5testss_29test_new_eth_client_ws_scheme0B7_
FNDA:1,_RNCNvNtNtCs8nk6IfX6pWo_4rust6client5testss_30test_new_eth_client_wss_scheme0B7_
FNDA:1,_RNCNvNtNtCs8nk6IfX6pWo_4rust6client5testss_31test_new_eth_client_invalid_url0B7_
FNDA:1,_RNCNvNtNtCs8nk6IfX6pWo_4rust6client5testss_32test_new_eth_client_domain_regex0B7_
FNDA:1,_RNCNvNtNtCs8nk6IfX6pWo_4rust6client5testss_34test_new_eth_client_invalid_scheme0B7_
FNDA:1,_RNCNvNtNtCs8nk6IfX6pWo_4rust6client5testss_34test_new_eth_client_missing_scheme0B7_
FNDA:1,_RNCNvNtNtCs8nk6IfX6pWo_4rust6client5testss_34test_new_eth_client_with_valid_url0B7_
FNDA:1,_RNCNvNtNtCs8nk6IfX6pWo_4rust6client5testss_35test_get_tx_receipt_by_hash_success0B7_
FNDA:1,_RNCNvNtNtCs8nk6IfX6pWo_4rust6client5testss_36test_get_logs_with_address_and_topic0B7_
FNDA:1,_RNCNvNtNtCs8nk6IfX6pWo_4rust6client5testss_36test_new_eth_client_invalid_provider0B7_
FNDA:1,_RNCNvNtNtCs8nk6IfX6pWo_4rust6client5testss_37test_get_tx_receipt_by_hash_not_found0B7_
FNDA:1,_RNCNvNtNtCs8nk6IfX6pWo_4rust6client5testss_38test_new_eth_client_invalid_url_format0B7_
FNDA:1,_RNCNvNtNtCs8nk6IfX6pWo_4rust6client5testss_42test_get_tx_receipt_by_hash_invalid_format0B7_
FNDA:1,_RNvNtNtCs8nk6IfX6pWo_4rust6client5testss_19test_get_logs_empty
FNDA:1,_RNvNtNtCs8nk6IfX6pWo_4rust6client5testss_19test_get_logs_range
FNDA:1,_RNvNtNtCs8nk6IfX6pWo_4rust6client5testss_19test_new_eth_client
FNDA:1,_RNvNtNtCs8nk6IfX6pWo_4rust6client5testss_23test_get_logs_no_topics
FNDA:1,_RNvNtNtCs8nk6IfX6pWo_4rust6client5testss_25test_get_logs_empty_range
FNDA:1,_RNvNtNtCs8nk6IfX6pWo_4rust6client5testss_25test_get_logs_four_topics
FNDA:1,_RNvNtNtCs8nk6IfX6pWo_4rust6client5testss_26test_get_logs_single_topic
FNDA:1,_RNvNtNtCs8nk6IfX6pWo_4rust6client5testss_27test_get_logs_at_block_hash
FNDA:1,_RNvNtNtCs8nk6IfX6pWo_4rust6client5testss_27test_get_tx_receipt_by_hash
FNDA:1,_RNvNtNtCs8nk6IfX6pWo_4rust6client5testss_28test_get_logs_at_block_hash2
FNDA:1,_RNvNtNtCs8nk6IfX6pWo_4rust6client5testss_29test_new_eth_client_empty_url
FNDA:1,_RNvNtNtCs8nk6IfX6pWo_4rust6client5testss_29test_new_eth_client_ws_scheme
FNDA:1,_RNvNtNtCs8nk6IfX6pWo_4rust6client5testss_30test_new_eth_client_wss_scheme
FNDA:1,_RNvNtNtCs8nk6IfX6pWo_4rust6client5testss_31test_new_eth_client_invalid_url
FNDA:1,_RNvNtNtCs8nk6IfX6pWo_4rust6client5testss_32test_new_eth_client_domain_regex
FNDA:1,_RNvNtNtCs8nk6IfX6pWo_4rust6client5testss_34test_new_eth_client_invalid_scheme
FNDA:1,_RNvNtNtCs8nk6IfX6pWo_4rust6client5testss_34test_new_eth_client_missing_scheme
FNDA:1,_RNvNtNtCs8nk6IfX6pWo_4rust6client5testss_34test_new_eth_client_with_valid_url
FNDA:1,_RNvNtNtCs8nk6IfX6pWo_4rust6client5testss_35test_get_tx_receipt_by_hash_success
FNDA:1,_RNvNtNtCs8nk6IfX6pWo_4rust6client5testss_36test_get_logs_with_address_and_topic
FNDA:1,_RNvNtNtCs8nk6IfX6pWo_4rust6client5testss_36test_new_eth_client_invalid_provider
FNDA:1,_RNvNtNtCs8nk6IfX6pWo_4rust6client5testss_37test_get_tx_receipt_by_hash_not_found
FNDA:1,_RNvNtNtCs8nk6IfX6pWo_4rust6client5testss_38test_new_eth_client_invalid_url_format
FNDA:1,_RNvNtNtCs8nk6IfX6pWo_4rust6client5testss_42test_get_tx_receipt_by_hash_invalid_format
FNDA:1,_RNCNCNvMNtCs8nk6IfX6pWo_4rust6clientNtB6_9EthClient22get_tx_receipt_by_hash00B8_
FNDA:2,_RNCNCNvMNtCs8nk6IfX6pWo_4rust6clientNtB6_9EthClient3new00B8_
FNDA:4,_RNCNvMNtCs8nk6IfX6pWo_4rust6clientNtB4_9EthClient22get_tx_receipt_by_hash0B6_
FNDA:26,_RNCNvMNtCs8nk6IfX6pWo_4rust6clientNtB4_9EthClient3new0B6_
FNDA:9,_RNCNvMNtCs8nk6IfX6pWo_4rust6clientNtB4_9EthClient8get_logs0B6_
FNF:56
FNH:56
DA:17,58
DA:18,58
DA:19,58
DA:20,4
DA:21,54
DA:23,54
DA:27,50
DA:28,50
DA:29,50
DA:30,4
DA:31,46
DA:34,46
DA:35,46
DA:36,46
DA:37,58
DA:39,13
DA:40,13
DA:41,13
DA:42,13
DA:43,13
DA:44,11
DA:45,11
DA:46,11
DA:47,11
DA:48,10
DA:49,6
DA:50,13
DA:52,21
DA:53,21
DA:54,21
DA:55,21
DA:56,21
DA:57,21
DA:58,21
DA:59,21
DA:60,21
DA:61,21
DA:62,21
DA:63,21
DA:64,17
DA:65,17
DA:66,17
DA:67,10
DA:68,21
DA:71,21
DA:72,17
DA:73,21
DA:82,2
DA:83,2
DA:84,2
DA:85,2
DA:88,2
DA:89,2
DA:90,2
DA:91,2
DA:92,2
DA:95,2
DA:96,2
DA:97,2
DA:98,2
DA:99,2
DA:100,2
DA:103,2
DA:104,2
DA:105,2
DA:106,2
DA:107,2
DA:108,2
DA:109,2
DA:110,2
DA:111,2
DA:114,2
DA:115,2
DA:116,2
DA:117,2
DA:118,2
DA:119,2
DA:120,2
DA:121,2
DA:122,2
DA:123,2
DA:124,2
DA:125,2
DA:126,2
DA:127,2
DA:128,2
DA:129,2
DA:130,2
DA:133,2
DA:134,2
DA:135,2
DA:136,2
DA:137,2
DA:138,2
DA:139,2
DA:140,2
DA:141,2
DA:144,2
DA:145,2
DA:146,2
DA:147,2
DA:150,2
DA:151,2
DA:152,2
DA:153,2
DA:154,2
DA:157,2
DA:158,2
DA:159,2
DA:160,2
DA:161,2
DA:164,2
DA:165,2
DA:166,2
DA:167,2
DA:168,2
DA:171,2
DA:172,2
DA:173,2
DA:174,2
DA:175,2
DA:178,2
DA:179,2
DA:180,2
DA:181,2
DA:182,2
DA:183,2
DA:184,2
DA:185,2
DA:186,2
DA:187,2
DA:188,2
DA:189,2
DA:190,2
DA:191,2
DA:192,2
DA:195,2
DA:196,2
DA:197,2
DA:198,2
DA:199,2
DA:200,2
DA:201,2
DA:202,2
DA:203,2
DA:206,2
DA:207,2
DA:208,2
DA:209,2
DA:210,2
DA:211,2
DA:212,2
DA:213,2
DA:214,2
DA:217,2
DA:218,2
DA:219,2
DA:220,2
DA:221,2
DA:222,2
DA:223,2
DA:224,2
DA:225,2
DA:226,2
DA:227,2
DA:228,2
DA:229,2
DA:230,2
DA:231,2
DA:232,2
DA:233,2
DA:236,2
DA:237,2
DA:238,2
DA:239,2
DA:240,2
DA:241,2
DA:242,2
DA:243,2
DA:244,2
DA:245,2
DA:246,2
DA:247,2
DA:250,2
DA:251,2
DA:252,2
DA:253,2
DA:254,2
DA:255,2
DA:256,2
DA:257,2
DA:258,2
DA:261,2
DA:262,2
DA:263,2
DA:264,2
DA:267,2
DA:268,2
DA:269,2
DA:270,2
DA:273,2
DA:274,2
DA:275,2
DA:276,2
DA:279,2
DA:280,2
DA:281,2
DA:282,2
DA:283,2
DA:284,2
DA:285,2
DA:286,2
DA:287,2
DA:288,2
DA:289,2
DA:290,2
DA:291,2
DA:294,2
DA:295,2
DA:296,2
DA:297,2
DA:298,2
DA:299,2
DA:300,2
DA:301,2
DA:302,2
DA:305,2
DA:306,2
DA:307,2
DA:308,2
DA:309,2
DA:310,2
DA:311,2
DA:312,2
DA:315,2
DA:316,2
DA:317,2
DA:318,2
DA:319,2
DA:320,2
DA:321,2
DA:322,2
DA:323,2
DA:324,2
DA:325,2
DA:326,2
DA:327,2
DA:328,2
DA:329,2
BRF:0
BRH:0
LF:421
LH:418
end_of_record
SF:/Users/qiaopengjun/Code/Web3Wallet/ethertrace/rust/src/event_parser.rs
FN:33,_RNCNvMNtCsfOgxbJc4FKi_4rust12event_parserNtB4_11EventParser3new0B6_
FN:70,_RNvMNtCsfOgxbJc4FKi_4rust12event_parserNtB2_11EventParser10event_hash
FN:73,_RNvMNtCsfOgxbJc4FKi_4rust12event_parserNtB2_11EventParser10parse_logs
FN:22,_RNvMNtCsfOgxbJc4FKi_4rust12event_parserNtB2_11EventParser3new
FN:170,_RNvNtNtCsiLX5aHy7Fns_4rust12event_parser5testss_15test_event_hash
FN:124,_RNvNtNtCsiLX5aHy7Fns_4rust12event_parser5testss_21test_new_event_parser
FN:155,_RNvNtNtCsiLX5aHy7Fns_4rust12event_parser5testss_21test_parse_logs_empty
FN:193,_RNvNtNtCsiLX5aHy7Fns_4rust12event_parser5testss_28test_parse_logs_invalid_data
FN:180,_RNvNtNtCsiLX5aHy7Fns_4rust12event_parser5testss_28test_parse_logs_non_matching
FN:137,_RNvNtNtCsiLX5aHy7Fns_4rust12event_parser5testss_32test_parse_logs_single_valid_log
FN:224,_RNvNtNtCsiLX5aHy7Fns_4rust12event_parser5testss_33test_new_event_parser_invalid_hex
FN:231,_RNvNtNtCsiLX5aHy7Fns_4rust12event_parser5testss_34test_new_event_parser_zero_address
FN:210,_RNvNtNtCsiLX5aHy7Fns_4rust12event_parser5testss_35test_new_event_parser_empty_address
FN:238,_RNvNtNtCsiLX5aHy7Fns_4rust12event_parser5testss_35test_parse_logs_multiple_logs_mixed
FN:217,_RNvNtNtCsiLX5aHy7Fns_4rust12event_parser5testss_36test_new_event_parser_invalid_format
FN:163,_RNvNtNtCsiLX5aHy7Fns_4rust12event_parser5testss_36test_new_event_parser_missing_prefix
FN:130,_RNvNtNtCsiLX5aHy7Fns_4rust12event_parser5testss_37test_new_event_parser_invalid_address
FN:70,_RNvMNtCsiLX5aHy7Fns_4rust12event_parserNtB2_11EventParser10event_hash
FN:73,_RNvMNtCsiLX5aHy7Fns_4rust12event_parserNtB2_11EventParser10parse_logs
FN:22,_RNvMNtCsiLX5aHy7Fns_4rust12event_parserNtB2_11EventParser3new
FN:33,_RNCNvMNtCsiLX5aHy7Fns_4rust12event_parserNtB4_11EventParser3new0B6_
FN:70,_RNvMNtCsfOYyGPk6nTR_4rust12event_parserNtB2_11EventParser10event_hash
FN:73,_RNvMNtCsfOYyGPk6nTR_4rust12event_parserNtB2_11EventParser10parse_logs
FN:22,_RNvMNtCsfOYyGPk6nTR_4rust12event_parserNtB2_11EventParser3new
FN:33,_RNCNvMNtCsfOYyGPk6nTR_4rust12event_parserNtB4_11EventParser3new0B6_
FN:33,_RNCNvMNtCs8nk6IfX6pWo_4rust12event_parserNtB4_11EventParser3new0B6_
FN:170,_RNvNtNtCs8nk6IfX6pWo_4rust12event_parser5testss_15test_event_hash
FN:124,_RNvNtNtCs8nk6IfX6pWo_4rust12event_parser5testss_21test_new_event_parser
FN:155,_RNvNtNtCs8nk6IfX6pWo_4rust12event_parser5testss_21test_parse_logs_empty
FN:193,_RNvNtNtCs8nk6IfX6pWo_4rust12event_parser5testss_28test_parse_logs_invalid_data
FN:180,_RNvNtNtCs8nk6IfX6pWo_4rust12event_parser5testss_28test_parse_logs_non_matching
FN:137,_RNvNtNtCs8nk6IfX6pWo_4rust12event_parser5testss_32test_parse_logs_single_valid_log
FN:224,_RNvNtNtCs8nk6IfX6pWo_4rust12event_parser5testss_33test_new_event_parser_invalid_hex
FN:231,_RNvNtNtCs8nk6IfX6pWo_4rust12event_parser5testss_34test_new_event_parser_zero_address
FN:210,_RNvNtNtCs8nk6IfX6pWo_4rust12event_parser5testss_35test_new_event_parser_empty_address
FN:238,_RNvNtNtCs8nk6IfX6pWo_4rust12event_parser5testss_35test_parse_logs_multiple_logs_mixed
FN:217,_RNvNtNtCs8nk6IfX6pWo_4rust12event_parser5testss_36test_new_event_parser_invalid_format
FN:163,_RNvNtNtCs8nk6IfX6pWo_4rust12event_parser5testss_36test_new_event_parser_missing_prefix
FN:130,_RNvNtNtCs8nk6IfX6pWo_4rust12event_parser5testss_37test_new_event_parser_invalid_address
FN:70,_RNvMNtCs8nk6IfX6pWo_4rust12event_parserNtB2_11EventParser10event_hash
FN:73,_RNvMNtCs8nk6IfX6pWo_4rust12event_parserNtB2_11EventParser10parse_logs
FN:22,_RNvMNtCs8nk6IfX6pWo_4rust12event_parserNtB2_11EventParser3new
FNDA:40,_RNCNvMNtCsfOgxbJc4FKi_4rust12event_parserNtB4_11EventParser3new0B6_
FNDA:1,_RNvMNtCsfOgxbJc4FKi_4rust12event_parserNtB2_11EventParser10event_hash
FNDA:1,_RNvMNtCsfOgxbJc4FKi_4rust12event_parserNtB2_11EventParser10parse_logs
FNDA:1,_RNvMNtCsfOgxbJc4FKi_4rust12event_parserNtB2_11EventParser3new
FNDA:1,_RNvNtNtCsiLX5aHy7Fns_4rust12event_parser5testss_15test_event_hash
FNDA:1,_RNvNtNtCsiLX5aHy7Fns_4rust12event_parser5testss_21test_new_event_parser
FNDA:1,_RNvNtNtCsiLX5aHy7Fns_4rust12event_parser5testss_21test_parse_logs_empty
FNDA:1,_RNvNtNtCsiLX5aHy7Fns_4rust12event_parser5testss_28test_parse_logs_invalid_data
FNDA:1,_RNvNtNtCsiLX5aHy7Fns_4rust12event_parser5testss_28test_parse_logs_non_matching
FNDA:1,_RNvNtNtCsiLX5aHy7Fns_4rust12event_parser5testss_32test_parse_logs_single_valid_log
FNDA:1,_RNvNtNtCsiLX5aHy7Fns_4rust12event_parser5testss_33test_new_event_parser_invalid_hex
FNDA:1,_RNvNtNtCsiLX5aHy7Fns_4rust12event_parser5testss_34test_new_event_parser_zero_address
FNDA:1,_RNvNtNtCsiLX5aHy7Fns_4rust12event_parser5testss_35test_new_event_parser_empty_address
FNDA:1,_RNvNtNtCsiLX5aHy7Fns_4rust12event_parser5testss_35test_parse_logs_multiple_logs_mixed
FNDA:1,_RNvNtNtCsiLX5aHy7Fns_4rust12event_parser5testss_36test_new_event_parser_invalid_format
FNDA:1,_RNvNtNtCsiLX5aHy7Fns_4rust12event_parser5testss_36test_new_event_parser_missing_prefix
FNDA:1,_RNvNtNtCsiLX5aHy7Fns_4rust12event_parser5testss_37test_new_event_parser_invalid_address
FNDA:8,_RNvMNtCsiLX5aHy7Fns_4rust12event_parserNtB2_11EventParser10event_hash
FNDA:9,_RNvMNtCsiLX5aHy7Fns_4rust12event_parserNtB2_11EventParser10parse_logs
FNDA:18,_RNvMNtCsiLX5aHy7Fns_4rust12event_parserNtB2_11EventParser3new
FNDA:521,_RNCNvMNtCsiLX5aHy7Fns_4rust12event_parserNtB4_11EventParser3new0B6_
FNDA:0,_RNvMNtCsfOYyGPk6nTR_4rust12event_parserNtB2_11EventParser10event_hash
FNDA:0,_RNvMNtCsfOYyGPk6nTR_4rust12event_parserNtB2_11EventParser10parse_logs
FNDA:0,_RNvMNtCsfOYyGPk6nTR_4rust12event_parserNtB2_11EventParser3new
FNDA:0,_RNCNvMNtCsfOYyGPk6nTR_4rust12event_parserNtB4_11EventParser3new0B6_
FNDA:321,_RNCNvMNtCs8nk6IfX6pWo_4rust12event_parserNtB4_11EventParser3new0B6_
FNDA:1,_RNvNtNtCs8nk6IfX6pWo_4rust12event_parser5testss_15test_event_hash
FNDA:1,_RNvNtNtCs8nk6IfX6pWo_4rust12event_parser5testss_21test_new_event_parser
FNDA:1,_RNvNtNtCs8nk6IfX6pWo_4rust12event_parser5testss_21test_parse_logs_empty
FNDA:1,_RNvNtNtCs8nk6IfX6pWo_4rust12event_parser5testss_28test_parse_logs_invalid_data
FNDA:1,_RNvNtNtCs8nk6IfX6pWo_4rust12event_parser5testss_28test_parse_logs_non_matching
FNDA:1,_RNvNtNtCs8nk6IfX6pWo_4rust12event_parser5testss_32test_parse_logs_single_valid_log
FNDA:1,_RNvNtNtCs8nk6IfX6pWo_4rust12event_parser5testss_33test_new_event_parser_invalid_hex
FNDA:1,_RNvNtNtCs8nk6IfX6pWo_4rust12event_parser5testss_34test_new_event_parser_zero_address
FNDA:1,_RNvNtNtCs8nk6IfX6pWo_4rust12event_parser5testss_35test_new_event_parser_empty_address
FNDA:1,_RNvNtNtCs8nk6IfX6pWo_4rust12event_parser5testss_35test_parse_logs_multiple_logs_mixed
FNDA:1,_RNvNtNtCs8nk6IfX6pWo_4rust12event_parser5testss_36test_new_event_parser_invalid_format
FNDA:1,_RNvNtNtCs8nk6IfX6pWo_4rust12event_parser5testss_36test_new_event_parser_missing_prefix
FNDA:1,_RNvNtNtCs8nk6IfX6pWo_4rust12event_parser5testss_37test_new_event_parser_invalid_address
FNDA:6,_RNvMNtCs8nk6IfX6pWo_4rust12event_parserNtB2_11EventParser10event_hash
FNDA:5,_RNvMNtCs8nk6IfX6pWo_4rust12event_parserNtB2_11EventParser10parse_logs
FNDA:13,_RNvMNtCs8nk6IfX6pWo_4rust12event_parserNtB2_11EventParser3new
FNF:17
FNH:17
DA:22,32
DA:23,32
DA:24,32
DA:25,2
DA:26,30
DA:27,30
DA:28,6
DA:29,24
DA:30,24
DA:31,24
DA:32,24
DA:33,882
DA:34,2
DA:35,22
DA:37,22
DA:38,22
DA:39,2
DA:40,20
DA:41,20
DA:42,20
DA:43,20
DA:44,20
DA:45,20
DA:46,20
DA:47,20
DA:48,20
DA:49,20
DA:50,20
DA:51,20
DA:52,20
DA:53,20
DA:54,20
DA:55,20
DA:56,20
DA:57,20
DA:58,20
DA:59,20
DA:60,20
DA:61,20
DA:62,20
DA:63,20
DA:64,20
DA:65,20
DA:66,20
DA:67,20
DA:68,32
DA:70,15
DA:71,15
DA:72,15
DA:73,15
DA:74,15
DA:76,34
DA:78,21
DA:79,17
DA:80,8
DA:81,13
DA:82,13
DA:83,13
DA:84,13
DA:85,13
DA:86,13
DA:88,13
DA:90,11
DA:91,11
DA:92,11
DA:93,11
DA:94,11
DA:95,11
DA:97,11
DA:98,11
DA:99,11
DA:100,11
DA:101,11
DA:106,11
DA:107,11
DA:108,11
DA:109,11
DA:110,11
DA:111,11
DA:113,13
DA:114,15
DA:124,2
DA:125,2
DA:126,2
DA:127,2
DA:130,2
DA:131,2
DA:132,2
DA:133,2
DA:134,2
DA:137,2
DA:138,2
DA:139,2
DA:140,2
DA:141,2
DA:142,2
DA:143,2
DA:144,2
DA:145,2
DA:146,2
DA:147,2
DA:148,2
DA:149,2
DA:150,2
DA:152,2
DA:155,2
DA:156,2
DA:157,2
DA:158,2
DA:159,2
DA:160,2
DA:163,2
DA:164,2
DA:165,2
DA:166,2
DA:167,2
DA:170,2
DA:171,2
DA:172,2
DA:173,2
DA:174,2
DA:175,2
DA:177,2
DA:180,2
DA:181,2
DA:182,2
DA:183,2
DA:184,2
DA:185,2
DA:186,2
DA:187,2
DA:188,2
DA:189,2
DA:190,2
DA:193,2
DA:194,2
DA:195,2
DA:196,2
DA:197,2
DA:198,2
DA:199,2
DA:200,2
DA:201,2
DA:202,2
DA:203,2
DA:204,2
DA:206,2
DA:207,2
DA:210,2
DA:211,2
DA:212,2
DA:213,2
DA:214,2
DA:217,2
DA:218,2
DA:219,2
DA:220,2
DA:221,2
DA:224,2
DA:225,2
DA:226,2
DA:227,2
DA:228,2
DA:231,2
DA:232,2
DA:233,2
DA:234,2
DA:235,2
DA:238,2
DA:239,2
DA:240,2
DA:241,2
DA:242,2
DA:243,2
DA:244,2
DA:245,2
DA:246,2
DA:247,2
DA:248,2
DA:249,2
DA:250,2
DA:251,2
DA:252,2
DA:253,2
DA:254,2
DA:255,2
DA:256,2
DA:257,2
DA:258,2
DA:259,2
DA:260,2
DA:261,2
DA:262,2
DA:263,2
DA:264,2
DA:265,2
DA:266,2
DA:267,2
DA:268,2
DA:269,2
DA:270,2
BRF:0
BRH:0
LF:202
LH:202
end_of_record
SF:/Users/qiaopengjun/Code/Web3Wallet/ethertrace/rust/src/main.rs
FN:158,_RNCNvNtCsiLX5aHy7Fns_4rust5testss_13test_main_run0B5_
FN:235,_RNCNvNtCsiLX5aHy7Fns_4rust5testss_19test_run_empty_logs0B5_
FN:197,_RNCNvNtCsiLX5aHy7Fns_4rust5testss_22test_run_empty_receipt0B5_
FN:219,_RNCNvNtCsiLX5aHy7Fns_4rust5testss_22test_run_valid_receipt0B5_
FN:280,_RNCNvNtCsiLX5aHy7Fns_4rust5testss_23test_run_get_logs_error0B5_
FN:59,_RNvCsiLX5aHy7Fns_4rust11load_config
FN:32,_RNvXCsiLX5aHy7Fns_4rustNtB2_16YamlConfigLoaderNtB2_12ConfigLoader4load
FN:40,_RNvXs_CsiLX5aHy7Fns_4rustNtB4_15EnvConfigLoaderNtB4_12ConfigLoader4load
FN:158,_RNvNtCsiLX5aHy7Fns_4rust5testss_13test_main_run
FN:274,_RNvNtCsiLX5aHy7Fns_4rust5testss_16test_load_config
FN:235,_RNvNtCsiLX5aHy7Fns_4rust5testss_19test_run_empty_logs
FN:197,_RNvNtCsiLX5aHy7Fns_4rust5testss_22test_run_empty_receipt
FN:219,_RNvNtCsiLX5aHy7Fns_4rust5testss_22test_run_valid_receipt
FN:280,_RNvNtCsiLX5aHy7Fns_4rust5testss_23test_run_get_logs_error
FN:175,_RNvNtCsiLX5aHy7Fns_4rust5testss_26test_load_config_from_yaml
FN:258,_RNvNtCsiLX5aHy7Fns_4rust5testss_29test_load_config_invalid_yaml
FN:72,_RNCNCNCNvCsiLX5aHy7Fns_4rust3run000B7_
FN:61,_RNCNvCsiLX5aHy7Fns_4rust11load_config0B3_
FN:43,_RNCNvXs_CsiLX5aHy7Fns_4rustNtB6_15EnvConfigLoaderNtB6_12ConfigLoader4load0B6_
FN:53,_RNCNvXs_CsiLX5aHy7Fns_4rustNtB6_15EnvConfigLoaderNtB6_12ConfigLoader4loads0_0B6_
FN:50,_RNCNvXs_CsiLX5aHy7Fns_4rustNtB6_15EnvConfigLoaderNtB6_12ConfigLoader4loads_0B6_
FN:72,_RNCNCNCNvCsfOYyGPk6nTR_4rust3run000B7_
FN:61,_RNCNvCsfOYyGPk6nTR_4rust11load_config0B3_
FN:43,_RNCNvXs_CsfOYyGPk6nTR_4rustNtB6_15EnvConfigLoaderNtB6_12ConfigLoader4load0B6_
FN:53,_RNCNvXs_CsfOYyGPk6nTR_4rustNtB6_15EnvConfigLoaderNtB6_12ConfigLoader4loads0_0B6_
FN:50,_RNCNvXs_CsfOYyGPk6nTR_4rustNtB6_15EnvConfigLoaderNtB6_12ConfigLoader4loads_0B6_
FN:59,_RNvCsfOYyGPk6nTR_4rust11load_config
FN:32,_RNvXCsfOYyGPk6nTR_4rustNtB2_16YamlConfigLoaderNtB2_12ConfigLoader4load
FN:40,_RNvXs_CsfOYyGPk6nTR_4rustNtB4_15EnvConfigLoaderNtB4_12ConfigLoader4load
FNDA:1,_RNCNvNtCsiLX5aHy7Fns_4rust5testss_13test_main_run0B5_
FNDA:1,_RNCNvNtCsiLX5aHy7Fns_4rust5testss_19test_run_empty_logs0B5_
FNDA:1,_RNCNvNtCsiLX5aHy7Fns_4rust5testss_22test_run_empty_receipt0B5_
FNDA:1,_RNCNvNtCsiLX5aHy7Fns_4rust5testss_22test_run_valid_receipt0B5_
FNDA:1,_RNCNvNtCsiLX5aHy7Fns_4rust5testss_23test_run_get_logs_error0B5_
FNDA:1,_RNvCsiLX5aHy7Fns_4rust11load_config
FNDA:3,_RNvXCsiLX5aHy7Fns_4rustNtB2_16YamlConfigLoaderNtB2_12ConfigLoader4load
FNDA:1,_RNvXs_CsiLX5aHy7Fns_4rustNtB4_15EnvConfigLoaderNtB4_12ConfigLoader4load
FNDA:1,_RNvNtCsiLX5aHy7Fns_4rust5testss_13test_main_run
FNDA:1,_RNvNtCsiLX5aHy7Fns_4rust5testss_16test_load_config
FNDA:1,_RNvNtCsiLX5aHy7Fns_4rust5testss_19test_run_empty_logs
FNDA:1,_RNvNtCsiLX5aHy7Fns_4rust5testss_22test_run_empty_receipt
FNDA:1,_RNvNtCsiLX5aHy7Fns_4rust5testss_22test_run_valid_receipt
FNDA:1,_RNvNtCsiLX5aHy7Fns_4rust5testss_23test_run_get_logs_error
FNDA:1,_RNvNtCsiLX5aHy7Fns_4rust5testss_26test_load_config_from_yaml
FNDA:1,_RNvNtCsiLX5aHy7Fns_4rust5testss_29test_load_config_invalid_yaml
FNDA:3,_RNCNCNCNvCsiLX5aHy7Fns_4rust3run000B7_
FNDA:1,_RNCNvCsiLX5aHy7Fns_4rust11load_config0B3_
FNDA:0,_RNCNvXs_CsiLX5aHy7Fns_4rustNtB6_15EnvConfigLoaderNtB6_12ConfigLoader4load0B6_
FNDA:0,_RNCNvXs_CsiLX5aHy7Fns_4rustNtB6_15EnvConfigLoaderNtB6_12ConfigLoader4loads0_0B6_
FNDA:0,_RNCNvXs_CsiLX5aHy7Fns_4rustNtB6_15EnvConfigLoaderNtB6_12ConfigLoader4loads_0B6_
FNDA:0,_RNCNCNCNvCsfOYyGPk6nTR_4rust3run000B7_
FNDA:0,_RNCNvCsfOYyGPk6nTR_4rust11load_config0B3_
FNDA:0,_RNCNvXs_CsfOYyGPk6nTR_4rustNtB6_15EnvConfigLoaderNtB6_12ConfigLoader4load0B6_
FNDA:0,_RNCNvXs_CsfOYyGPk6nTR_4rustNtB6_15EnvConfigLoaderNtB6_12ConfigLoader4loads0_0B6_
FNDA:0,_RNCNvXs_CsfOYyGPk6nTR_4rustNtB6_15EnvConfigLoaderNtB6_12ConfigLoader4loads_0B6_
FNDA:0,_RNvCsfOYyGPk6nTR_4rust11load_config
FNDA:0,_RNvXCsfOYyGPk6nTR_4rustNtB2_16YamlConfigLoaderNtB2_12ConfigLoader4load
FNDA:0,_RNvXs_CsfOYyGPk6nTR_4rustNtB4_15EnvConfigLoaderNtB4_12ConfigLoader4load
FNF:21
FNH:18
DA:32,3
DA:33,3
DA:34,2
DA:35,3
DA:40,1
DA:41,1
DA:42,1
DA:43,1
DA:44,1
DA:45,1
DA:46,1
DA:47,1
DA:48,1
DA:49,1
DA:50,1
DA:51,1
DA:52,1
DA:53,1
DA:54,1
DA:56,1
DA:59,1
DA:60,1
DA:61,1
DA:62,1
DA:72,3
DA:73,3
DA:74,3
DA:75,3
DA:76,3
DA:77,3
DA:78,3
DA:158,1
DA:159,1
DA:160,1
DA:161,1
DA:162,1
DA:163,1
DA:164,1
DA:165,1
DA:166,1
DA:167,1
DA:168,1
DA:169,1
DA:170,1
DA:171,1
DA:172,1
DA:175,1
DA:176,1
DA:177,1
DA:178,1
DA:179,1
DA:180,1
DA:181,1
DA:182,1
DA:183,1
DA:184,1
DA:185,1
DA:186,1
DA:187,1
DA:191,1
DA:192,1
DA:193,1
DA:194,1
DA:197,1
DA:198,1
DA:199,1
DA:200,1
DA:201,1
DA:202,1
DA:203,1
DA:204,1
DA:205,1
DA:206,1
DA:207,1
DA:208,1
DA:209,1
DA:210,1
DA:211,1
DA:212,1
DA:213,1
DA:214,1
DA:215,1
DA:216,1
DA:219,1
DA:220,1
DA:221,1
DA:222,1
DA:223,1
DA:224,1
DA:225,1
DA:226,1
DA:227,1
DA:228,1
DA:229,1
DA:230,1
DA:231,1
DA:232,1
DA:235,1
DA:236,1
DA:237,1
DA:238,1
DA:239,1
DA:240,1
DA:241,1
DA:242,1
DA:243,1
DA:244,1
DA:245,1
DA:246,1
DA:247,1
DA:248,1
DA:249,1
DA:250,1
DA:251,1
DA:252,1
DA:253,1
DA:254,1
DA:255,1
DA:258,1
DA:259,1
DA:260,1
DA:261,1
DA:262,1
DA:263,1
DA:264,1
DA:265,1
DA:266,1
DA:267,1
DA:268,1
DA:269,1
DA:270,1
DA:271,1
DA:274,1
DA:275,1
DA:276,1
DA:277,1
DA:280,1
DA:281,1
DA:282,1
DA:283,1
DA:284,1
DA:285,1
DA:286,1
DA:287,1
DA:288,1
DA:289,1
DA:290,1
DA:291,1
DA:292,1
DA:293,1
DA:294,1
DA:295,1
DA:296,1
DA:297,1
DA:298,1
DA:299,1
DA:300,1
BRF:0
BRH:0
LF:243
LH:240
end_of_record